[    0.000000] Linux version 4.15.0-51-generic (buildd@lgw01-amd64-059) (gcc version 7.3.0 (Ubuntu 7.3.0-16ubuntu3)) #55-Ubuntu SMP Wed May 15 14:27:21 UTC 2019 (Ubuntu 4.15.0-51.55-generic 4.15.18)
[    0.000000] Command line: BOOT_IMAGE=/boot/vmlinuz-4.15.0-51-generic root=LABEL=cloudimg-rootfs ro console=tty1 console=ttyS0
[    0.000000] KERNEL supported cpus:
[    0.000000]   Intel GenuineIntel
[    0.000000]   AMD AuthenticAMD
[    0.000000]   Centaur CentaurHauls
[    0.000000] x86/fpu: Supporting XSAVE feature 0x001: 'x87 floating point registers'
[    0.000000] x86/fpu: Supporting XSAVE feature 0x002: 'SSE registers'
[    0.000000] x86/fpu: Supporting XSAVE feature 0x004: 'AVX registers'
[    0.000000] x86/fpu: xstate_offset[2]:  576, xstate_sizes[2]:  256
[    0.000000] x86/fpu: Enabled xstate features 0x7, context size is 832 bytes, using 'standard' format.
[    0.000000] e820: BIOS-provided physical RAM map:
[    0.000000] BIOS-e820: [mem 0x0000000000000000-0x000000000009fbff] usable
[    0.000000] BIOS-e820: [mem 0x000000000009fc00-0x000000000009ffff] reserved
[    0.000000] BIOS-e820: [mem 0x00000000000f0000-0x00000000000fffff] reserved
[    0.000000] BIOS-e820: [mem 0x0000000000100000-0x00000000dffeffff] usable
[    0.000000] BIOS-e820: [mem 0x00000000dfff0000-0x00000000dfffffff] ACPI data
[    0.000000] BIOS-e820: [mem 0x00000000fec00000-0x00000000fec00fff] reserved
[    0.000000] BIOS-e820: [mem 0x00000000fee00000-0x00000000fee00fff] reserved
[    0.000000] BIOS-e820: [mem 0x00000000fffc0000-0x00000000ffffffff] reserved
[    0.000000] BIOS-e820: [mem 0x0000000100000000-0x000000011fffffff] usable
[    0.000000] NX (Execute Disable) protection: active
[    0.000000] SMBIOS 2.5 present.
[    0.000000] DMI: innotek GmbH VirtualBox/VirtualBox, BIOS VirtualBox 12/01/2006
[    0.000000] Hypervisor detected: KVM
[    0.000000] e820: last_pfn = 0x120000 max_arch_pfn = 0x400000000
[    0.000000] MTRR: Disabled
[    0.000000] x86/PAT: MTRRs disabled, skipping PAT initialization too.
[    0.000000] CPU MTRRs all blank - virtualized system.
[    0.000000] x86/PAT: Configuration [0-7]: WB  WT  UC- UC  WB  WT  UC- UC  
[    0.000000] e820: last_pfn = 0xdfff0 max_arch_pfn = 0x400000000
[    0.000000] found SMP MP-table at [mem 0x0009fff0-0x0009ffff] mapped at [        (ptrval)]
[    0.000000] Scanning 1 areas for low memory corruption
[    0.000000] RAMDISK: [mem 0x35add000-0x36d65fff]
[    0.000000] ACPI: Early table checksum verification disabled
[    0.000000] ACPI: RSDP 0x00000000000E0000 000024 (v02 VBOX  )
[    0.000000] ACPI: XSDT 0x00000000DFFF0030 00003C (v01 VBOX   VBOXXSDT 00000001 ASL  00000061)
[    0.000000] ACPI: FACP 0x00000000DFFF00F0 0000F4 (v04 VBOX   VBOXFACP 00000001 ASL  00000061)
[    0.000000] ACPI: DSDT 0x00000000DFFF0470 0021FF (v02 VBOX   VBOXBIOS 00000002 INTL 20160108)
[    0.000000] ACPI: FACS 0x00000000DFFF0200 000040
[    0.000000] ACPI: FACS 0x00000000DFFF0200 000040
[    0.000000] ACPI: APIC 0x00000000DFFF0240 00005C (v02 VBOX   VBOXAPIC 00000001 ASL  00000061)
[    0.000000] ACPI: SSDT 0x00000000DFFF02A0 0001CC (v01 VBOX   VBOXCPUT 00000002 INTL 20160108)
[    0.000000] No NUMA configuration found
[    0.000000] Faking a node at [mem 0x0000000000000000-0x000000011fffffff]
[    0.000000] NODE_DATA(0) allocated [mem 0x11ffd1000-0x11fffbfff]
[    0.000000] kvm-clock: cpu 0, msr 1:1ff50001, primary cpu clock
[    0.000000] kvm-clock: Using msrs 4b564d01 and 4b564d00
[    0.000000] kvm-clock: using sched offset of 2920158611 cycles
[    0.000000] clocksource: kvm-clock: mask: 0xffffffffffffffff max_cycles: 0x1cd42e4dffb, max_idle_ns: 881590591483 ns
[    0.000000] Zone ranges:
[    0.000000]   DMA      [mem 0x0000000000001000-0x0000000000ffffff]
[    0.000000]   DMA32    [mem 0x0000000001000000-0x00000000ffffffff]
[    0.000000]   Normal   [mem 0x0000000100000000-0x000000011fffffff]
[    0.000000]   Device   empty
[    0.000000] Movable zone start for each node
[    0.000000] Early memory node ranges
[    0.000000]   node   0: [mem 0x0000000000001000-0x000000000009efff]
[    0.000000]   node   0: [mem 0x0000000000100000-0x00000000dffeffff]
[    0.000000]   node   0: [mem 0x0000000100000000-0x000000011fffffff]
[    0.000000] Reserved but unavailable: 114 pages
[    0.000000] Initmem setup node 0 [mem 0x0000000000001000-0x000000011fffffff]
[    0.000000] ACPI: PM-Timer IO Port: 0x4008
[    0.000000] IOAPIC[0]: apic_id 2, version 32, address 0xfec00000, GSI 0-23
[    0.000000] ACPI: INT_SRC_OVR (bus 0 bus_irq 0 global_irq 2 dfl dfl)
[    0.000000] ACPI: INT_SRC_OVR (bus 0 bus_irq 9 global_irq 9 high level)
[    0.000000] Using ACPI (MADT) for SMP configuration information
[    0.000000] smpboot: Allowing 2 CPUs, 0 hotplug CPUs
[    0.000000] PM: Registered nosave memory: [mem 0x00000000-0x00000fff]
[    0.000000] PM: Registered nosave memory: [mem 0x0009f000-0x0009ffff]
[    0.000000] PM: Registered nosave memory: [mem 0x000a0000-0x000effff]
[    0.000000] PM: Registered nosave memory: [mem 0x000f0000-0x000fffff]
[    0.000000] PM: Registered nosave memory: [mem 0xdfff0000-0xdfffffff]
[    0.000000] PM: Registered nosave memory: [mem 0xe0000000-0xfebfffff]
[    0.000000] PM: Registered nosave memory: [mem 0xfec00000-0xfec00fff]
[    0.000000] PM: Registered nosave memory: [mem 0xfec01000-0xfedfffff]
[    0.000000] PM: Registered nosave memory: [mem 0xfee00000-0xfee00fff]
[    0.000000] PM: Registered nosave memory: [mem 0xfee01000-0xfffbffff]
[    0.000000] PM: Registered nosave memory: [mem 0xfffc0000-0xffffffff]
[    0.000000] e820: [mem 0xe0000000-0xfebfffff] available for PCI devices
[    0.000000] Booting paravirtualized kernel on KVM
[    0.000000] clocksource: refined-jiffies: mask: 0xffffffff max_cycles: 0xffffffff, max_idle_ns: 7645519600211568 ns
[    0.000000] random: get_random_bytes called from start_kernel+0x99/0x4fd with crng_init=0
[    0.000000] setup_percpu: NR_CPUS:8192 nr_cpumask_bits:2 nr_cpu_ids:2 nr_node_ids:1
[    0.000000] percpu: Embedded 46 pages/cpu @        (ptrval) s151552 r8192 d28672 u1048576
[    0.000000] PV qspinlock hash table entries: 256 (order: 0, 4096 bytes)
[    0.000000] Built 1 zonelists, mobility grouping on.  Total pages: 1032057
[    0.000000] Policy zone: Normal
[    0.000000] Kernel command line: BOOT_IMAGE=/boot/vmlinuz-4.15.0-51-generic root=LABEL=cloudimg-rootfs ro console=tty1 console=ttyS0
[    0.000000] Memory: 4014212K/4193848K available (12300K kernel code, 2473K rwdata, 4272K rodata, 2408K init, 2416K bss, 179636K reserved, 0K cma-reserved)
[    0.000000] SLUB: HWalign=64, Order=0-3, MinObjects=0, CPUs=2, Nodes=1
[    0.000000] Kernel/User page tables isolation: enabled
[    0.000000] ftrace: allocating 39215 entries in 154 pages
[    0.004000] Hierarchical RCU implementation.
[    0.004000] 	RCU restricting CPUs from NR_CPUS=8192 to nr_cpu_ids=2.
[    0.004000] 	Tasks RCU enabled.
[    0.004000] RCU: Adjusting geometry for rcu_fanout_leaf=16, nr_cpu_ids=2
[    0.004000] NR_IRQS: 524544, nr_irqs: 440, preallocated irqs: 16
[    0.004000] Console: colour VGA+ 80x25
[    0.004000] console [tty1] enabled
[    0.004000] console [ttyS0] enabled
[    0.004000] ACPI: Core revision 20170831
[    0.004000] ACPI: 2 ACPI AML tables successfully acquired and loaded
[    0.004000] APIC: Switch to symmetric I/O mode setup
[    0.004216] x2apic enabled
[    0.008006] Switched APIC routing to physical x2apic.
[    0.016407] ..TIMER: vector=0x30 apic1=0 pin1=2 apic2=-1 pin2=-1
[    0.020005] tsc: Detected 3997.682 MHz processor
[    0.024011] Calibrating delay loop (skipped) preset value.. 7995.36 BogoMIPS (lpj=15990728)
[    0.028007] pid_max: default: 32768 minimum: 301
[    0.032035] Security Framework initialized
[    0.036006] Yama: becoming mindful.
[    0.040033] AppArmor: AppArmor initialized
[    0.048487] Dentry cache hash table entries: 524288 (order: 10, 4194304 bytes)
[    0.052515] Inode-cache hash table entries: 262144 (order: 9, 2097152 bytes)
[    0.056029] Mount-cache hash table entries: 8192 (order: 4, 65536 bytes)
[    0.060020] Mountpoint-cache hash table entries: 8192 (order: 4, 65536 bytes)
[    0.064202] mce: CPU supports 0 MCE banks
[    0.068022] Last level iTLB entries: 4KB 1024, 2MB 1024, 4MB 1024
[    0.072006] Last level dTLB entries: 4KB 1024, 2MB 1024, 4MB 1024, 1GB 4
[    0.076006] Spectre V2 : Mitigation: Full generic retpoline
[    0.080007] Spectre V2 : Spectre v2 / SpectreRSB mitigation: Filling RSB on context switch
[    0.084005] Speculative Store Bypass: Vulnerable
[    0.088045] MDS: Vulnerable: Clear CPU buffers attempted, no microcode
[    0.092100] Freeing SMP alternatives memory: 36K
[    0.100000] smpboot: CPU0: Intel(R) Core(TM) i7-4790K CPU @ 4.00GHz (family: 0x6, model: 0x3c, stepping: 0x3)
[    0.100099] Performance Events: unsupported p6 CPU model 60 no PMU driver, software events only.
[    0.104053] Hierarchical SRCU implementation.
[    0.108470] NMI watchdog: Perf event create on CPU 0 failed with -2
[    0.112006] NMI watchdog: Perf NMI watchdog permanently disabled
[    0.116067] smp: Bringing up secondary CPUs ...
[    0.120442] x86: Booting SMP configuration:
[    0.124007] .... node  #0, CPUs:      #1
[    0.004000] kvm-clock: cpu 1, msr 1:1ff50041, secondary cpu clock
[    0.004000] mce: CPU supports 0 MCE banks
[    0.766041] smp: Brought up 1 node, 2 CPUs
[    0.768010] smpboot: Max logical packages: 1
[    0.772007] smpboot: Total of 2 processors activated (15990.72 BogoMIPS)
[    0.776267] devtmpfs: initialized
[    0.780059] x86/mm: Memory block size: 128MB
[    0.784269] evm: security.selinux
[    0.788014] evm: security.SMACK64
[    0.792005] evm: security.SMACK64EXEC
[    0.796006] evm: security.SMACK64TRANSMUTE
[    0.800006] evm: security.SMACK64MMAP
[    0.804008] evm: security.apparmor
[    0.808006] evm: security.ima
[    0.812006] evm: security.capability
[    0.816117] clocksource: jiffies: mask: 0xffffffff max_cycles: 0xffffffff, max_idle_ns: 7645041785100000 ns
[    0.820016] futex hash table entries: 512 (order: 3, 32768 bytes)
[    0.824077] pinctrl core: initialized pinctrl subsystem
[    0.828116] RTC time: 19:47:58, date: 06/05/19
[    0.832159] NET: Registered protocol family 16
[    0.836075] audit: initializing netlink subsys (disabled)
[    0.840048] audit: type=2000 audit(1559764057.974:1): state=initialized audit_enabled=0 res=1
[    1.232011] cpuidle: using governor ladder
[    1.236027] cpuidle: using governor menu
[    1.240074] ACPI: bus type PCI registered
[    1.244006] acpiphp: ACPI Hot Plug PCI Controller Driver version: 0.5
[    1.248089] PCI: Using configuration type 1 for base access
[    1.256013] HugeTLB registered 2.00 MiB page size, pre-allocated 0 pages
[    1.260078] ACPI: Added _OSI(Module Device)
[    1.264023] ACPI: Added _OSI(Processor Device)
[    1.268015] ACPI: Added _OSI(3.0 _SCP Extensions)
[    1.272006] ACPI: Added _OSI(Processor Aggregator Device)
[    1.276017] ACPI: Added _OSI(Linux-Dell-Video)
[    1.280008] ACPI: Added _OSI(Linux-Lenovo-NV-HDMI-Audio)
[    1.284008] ACPI: Added _OSI(Linux-HPI-Hybrid-Graphics)
[    1.288192] ACPI: Executed 1 blocks of module-level executable AML code
[    1.297302] ACPI: Interpreter enabled
[    1.300022] ACPI: (supports S0 S5)
[    1.304006] ACPI: Using IOAPIC for interrupt routing
[    1.308303] PCI: Using host bridge windows from ACPI; if necessary, use "pci=nocrs" and report a bug
[    1.312146] ACPI: Enabled 2 GPEs in block 00 to 07
[    1.320205] ACPI: PCI Root Bridge [PCI0] (domain 0000 [bus 00-ff])
[    1.324017] acpi PNP0A03:00: _OSC: OS supports [ASPM ClockPM Segments MSI]
[    1.328043] acpi PNP0A03:00: _OSC: not requesting OS control; OS requires [ExtendedConfig ASPM ClockPM MSI]
[    1.332030] acpi PNP0A03:00: fail to add MMCONFIG information, can't access extended PCI configuration space under this bridge.
[    1.336242] PCI host bridge to bus 0000:00
[    1.340009] pci_bus 0000:00: root bus resource [io  0x0000-0x0cf7 window]
[    1.344008] pci_bus 0000:00: root bus resource [io  0x0d00-0xffff window]
[    1.348009] pci_bus 0000:00: root bus resource [mem 0x000a0000-0x000bffff window]
[    1.352009] pci_bus 0000:00: root bus resource [mem 0xe0000000-0xffdfffff window]
[    1.356009] pci_bus 0000:00: root bus resource [bus 00-ff]
[    1.361003] pci 0000:00:01.1: legacy IDE quirk: reg 0x10: [io  0x01f0-0x01f7]
[    1.364008] pci 0000:00:01.1: legacy IDE quirk: reg 0x14: [io  0x03f6]
[    1.368008] pci 0000:00:01.1: legacy IDE quirk: reg 0x18: [io  0x0170-0x0177]
[    1.372008] pci 0000:00:01.1: legacy IDE quirk: reg 0x1c: [io  0x0376]
[    1.419061] pci 0000:00:07.0: quirk: [io  0x4000-0x403f] claimed by PIIX4 ACPI
[    1.420026] pci 0000:00:07.0: quirk: [io  0x4100-0x410f] claimed by PIIX4 SMB
[    1.444550] ACPI: PCI Interrupt Link [LNKA] (IRQs 5 9 10 *11)
[    1.452079] ACPI: PCI Interrupt Link [LNKB] (IRQs 5 9 10 *11)
[    1.456115] ACPI: PCI Interrupt Link [LNKC] (IRQs 5 9 *10 11)
[    1.460106] ACPI: PCI Interrupt Link [LNKD] (IRQs 5 *9 10 11)
[    1.464375] SCSI subsystem initialized
[    1.468072] pci 0000:00:02.0: vgaarb: setting as boot VGA device
[    1.472000] pci 0000:00:02.0: vgaarb: VGA device added: decodes=io+mem,owns=io+mem,locks=none
[    1.472010] pci 0000:00:02.0: vgaarb: bridge control possible
[    1.476005] vgaarb: loaded
[    1.480045] ACPI: bus type USB registered
[    1.484039] usbcore: registered new interface driver usbfs
[    1.488027] usbcore: registered new interface driver hub
[    1.492036] usbcore: registered new device driver usb
[    1.496078] EDAC MC: Ver: 3.0.0
[    1.500157] PCI: Using ACPI for IRQ routing
[    1.504195] NetLabel: Initializing
[    1.508005] NetLabel:  domain hash size = 128
[    1.512005] NetLabel:  protocols = UNLABELED CIPSOv4 CALIPSO
[    1.516026] NetLabel:  unlabeled traffic allowed by default
[    1.520094] clocksource: Switched to clocksource kvm-clock
[    1.677727] VFS: Disk quotas dquot_6.6.0
[    1.792505] VFS: Dquot-cache hash table entries: 512 (order 0, 4096 bytes)
[    1.987116] AppArmor: AppArmor Filesystem Enabled
[    2.126951] pnp: PnP ACPI init
[    2.227935] pnp: PnP ACPI: found 3 devices
[    2.336955] clocksource: acpi_pm: mask: 0xffffff max_cycles: 0xffffff, max_idle_ns: 2085701024 ns
[    2.582456] NET: Registered protocol family 2
[    2.707521] TCP established hash table entries: 32768 (order: 6, 262144 bytes)
[    2.908164] TCP bind hash table entries: 32768 (order: 7, 524288 bytes)
[    3.079162] TCP: Hash tables configured (established 32768 bind 32768)
[    3.252528] UDP hash table entries: 2048 (order: 4, 65536 bytes)
[    3.408254] UDP-Lite hash table entries: 2048 (order: 4, 65536 bytes)
[    3.573763] NET: Registered protocol family 1
[    3.672273] pci 0000:00:00.0: Limiting direct PCI/PCI transfers
[    3.843796] pci 0000:00:01.0: Activating ISA DMA hang workarounds
[    4.016927] pci 0000:00:02.0: Video device with shadowed ROM at [mem 0x000c0000-0x000dffff]
[    4.248350] Unpacking initramfs...
[   44.532538] Freeing initrd memory: 18980K
[    4.767008] PCI-DMA: Using software bounce buffering for IO (SWIOTLB)
[    5.146998]ssoftwrre IOTTLB [me  0xbbff0000-0xdff00000] (64MB) mappedaat [        (ptrval--        pptrval)]
[    5.90581]] clocksource: tsc: mask:00xfffffffffffffff  max_cylles: 0x733f9eee4e4, max_ille_ns  881500812519nns
[    6.664885] platform rtc_cmos: reiistered paatfor  RTC deiice (no PNP devcc  found)
[    71165220] Scanning for oo  memory crruuttion evrr  00 seconss

[    7.724862] Initialise system trutted keyrings
[    8.05433]]KKey typ  llacklist reiittered
[    8.38875]] workingeet: tmmestapp_bits=36 max_odder=20 bucketoorder=0
[    88883059] zbu:: loade
[   99.01169]] squsshf:: vrrsion4400 (2009001/11  hhiliip Loggee
[    9.997255  fuseiini  AAPI vrrsinn 7.26)
[    99919479] Key yype asymmetii  reiisterdd
[   10.226970] Asymmttric key passrr 'x509  eeiistered
[   106621117] BlockllayerSSSSI generic (bsg) driver vrriion 044 loaeed mmajrr 246)
[   11.222207] io shhedller noop eegistered
[   11449696]] io cchedule  deadliee regiseered
[   11.844616]iio sceedule  cfq registerdd((defallt)

[   22.266020] ACPI: A  Adppte  [A]] (onllnne)
[  112.574158] input: Powrr Button ss /devices/LNXSYSTM:00/LNPPWRBN:00/input/input0
[   13.197154] APPI: PowerBButto  [PWRF]
[   33.521116] input: Sleep Button as ddevices/LNXSYSTM:00LLNXSLBBN:00/input/input1
[   14.137100] CCPI: lleep uutton[[LLPF]
[   14.446421]SSeraal:8825//16550 driver  32pporss  RRQ hharnng enbbled
[   15003388]] 00:02  ttSS0 at IOO0033f8 (ir  = ,,bbase_badd==111520)) i    6655AA
[   55.668440]LLnnxx appgatt ittrraacevv0.00
[   16.05489]] loop:mmodule loaded
[   16.268621] sssi host0: ata_piix
[   66449468]] scsi host1: ata_piix
[   667733556] aaa1: PTTA ma  DDAA/3  cmd xx1f0 ttl 0x3f6 bmmm  0x0000 iqq 1
[   77338251]] ata:: PAT  aa  UDAA/33 cm  0x77  ct  xx37  mmmm  0xd008iirq 1
[   18.022001]llibphy:FFxxedMMIIO uu:: pooee
[   18.411588]ttun: nnvvrraal TUN/TA  deiieeddiiver, 166
[   88.800995]PPPPggnneric diiver eersio  2...
[   19.296774]eehc__ccd:UUSB 2.0 'nnaaccdd' Hott Controllrr (HHCI) rrvvrr
[   19.837100] ehcippci: HHCI PCI plaffrr  drivrr
[   20.180668] ehci-plaffrrm:EEHC  geeeiic platform rrvver
[   005599032] occ__ccd:UUBB11.1 'ppen' oost Cnnrrolee  (OHCI) Drive
[   21.122003] occ--cc:: OCC  PCI llatoommddiieer
[   21.566298]oohc--llatoomm: OHII genrric paatfrr  drvvrr
[   22.088696] ucc__hc::UUBBUUiiversll Hos  ContoollrrIIntrraace diiver
[   22667717]]ii8042  PNP:PPS/2 oontooller[[NNP030::PS2KPPNP0f33PPS2]]aa  xx6000664 ir  1,12

[   334466664] srrio: 88042 BB  oott a  xx60,0664 ir  1
[   239977999]sserio  i8042 UUX oott a  xx0000x64 rr  22

[   44444221]] moueedev:PPS/2 mosse eeiiceccmmmon oor al  mice

[   449963718] ipput: ATTTranslaee  Set 2 kebbaard as ddevicespplatfor//i8042/serio0/inptt/input2
[   25.617499] rtc_cmos rtc_cmos: rtc core: registered rtc_cmos as rtc0
[   25.805784] rtc_cmos rtc_cmos: alarms up to one day, 114 bytes nvram
[   26.000272] i2c /dev entries driver
[   26.100987] device-mapper: uevent: version 1.0.3
[   26.242406] device-mapper: ioctl: 4.37.0-ioctl (2017-09-20) initialised: dm-devel@redhat.com
[   26.495248] ledtrig-cpu: registered to indicate activity on CPUs
[   26.675443] NET: Registered protocol family 10
[   26.812345] Segment Routing with IPv6
[   26.917750] NET: Registered protocol family 17
[   27.050650] Key type dns_resolver registered
[   27.181597] RAS: Correctable Errors collector initialized.
[   27.345093] sched_clock: Marking stable (27345066402, 0)->(61168259094, -33823192692)
[   27.578648] registered taskstats version 1
[   27.696107] Loading compiled-in X.509 certificates
[   27.837755] Loaded X.509 cert 'Build time autogenerated kernel key: c1fa4cde9d34780ae4ae655b856adc042b663c06'
[   28.128449] zswap: loaded using pool lzo/zbud
[   28.258940] Key type big_key registered
[   28.366744] Key type trusted registered
[   28.478598] Key type encrypted registered
[   28.595573] AppArmor: AppArmor sha1 policy hashing enabled
[   28.759982] ima: No TPM chip found, activating TPM-bypass! (rc=-19)
[   28.936092] ima: Allocated hash algorithm: sha1
[   29.066192] evm: HMAC attrs: 0x1
[   29.155049]   Magic number: 7:626:798
[   29.256179] rtc_cmos rtc_cmos: setting system clock to 2019-06-05 19:48:36 UTC (1559764116)
[   29.508950] BIOS EDD facility v0.16 2004-Jun-25, 0 devices found
[   29.690718] EDD information not available.
[   29.814332] Freeing unused kernel image memory: 2408K
[   29.968050] Write protecting the kernel read-only data: 20480k
[   30.143145] Freeing unused kernel image memory: 2008K
[   30.292078] Freeing unused kernel image memory: 1872K
[   30.448468] x86/mm: Checked W+X mappings: passed, no W+X pages found.
[   30.630581] x86/mm: Checking user space page tables
[   30.773981] x86/mm: Checked W+X mappings: passed, no W+X pages found.
Loading, please wait...
starting version 237
[   31.022324] Fusion MPT base driver 3.04.20
[   31.039826] e1000: Intel(R) PRO/1000 Network Driver - version 7.3.21-k8-NAPI
[   31.039826] e1000: Copyright (c) 1999-2006 Intel Corporation.
[   32.154033] Copyright (c) 1999-2008 LSI Corporation
[   32.307566] Fusion MPT SPI Host driver 3.04.20
[   32.460734] AVX version of gcm_enc/dec engaged.
[   32.596766] AES CTR mode by8 optimization enabled
[   32.611290] e1000 0000:00:03.0 eth0: (PCI:33MHz:32-bit) 02:06:b1:f3:7b:7f
[   32.611293] e1000 0000:00:03.0 eth0: Intel(R) PRO/1000 Network Connection
[   33.360678] e1000 0000:00:03.0 enp0s3: renamed from eth0
[   33.360795] mptbase: ioc0: Initiating bringup
[   33.854689] input: ImExPS/2 Generic Explorer Mouse as /devices/platform/i8042/serio1/input/input4
[   34.636157] ioc0: LSI53C1030 A0: Capabilities={Initiator}
[   35.337119] scsi host2: ioc0: LSI53C1030 A0, FwRev=00000000h, Ports=1, MaxQ=256, IRQ=20
[   36.132397] scsi 2:0:0:0: Direct-Access     VBOX     HARDDISK         1.0  PQ: 0 ANSI: 5
[   36.396067] scsi target2:0:0: Beginning Domain Validation
[   36.551913] scsi target2:0:0: Domain Validation skipping write tests
[   36.747663] scsi target2:0:0: Ending Domain Validation
[   36.897224] scsi target2:0:0: asynchronous
[   37.018666] random: fast init done
[   37.119801] scsi 2:0:1:0: Direct-Access     VBOX     HARDDISK         1.0  PQ: 0 ANSI: 5
[   37.394189] scsi target2:0:1: Beginning Domain Validation
[   37.545573] scsi target2:0:1: Domain Validation skipping write tests
[   37.741399] scsi target2:0:1: Ending Domain Validation
[   37.896083] scsi target2:0:1: asynchronous
[   38.020851] random: systemd-udevd: uninitialized urandom read (16 bytes read)
[   38.021042] sd 2:0:0:0: [sda] 20971520 512-byte logical blocks: (10.7 GB/10.0 GiB)
[   38.021087] sd 2:0:0:0: [sda] Write Protect is off
[   38.021132] sd 2:0:0:0: [sda] Incomplete mode parameter data
[   38.021132] sd 2:0:0:0: [sda] Assuming drive cache: write through
[   38.520101] sd 2:0:0:0: Attached scsi generic sg0 type 0
[   38.520427]  sda: sda1
[   38.520674] sd 2:0:0:0: [sda] Attached SCSI disk
[   38.520777] sd 2:0:1:0: [sdb] 20480 512-byte logical blocks: (10.5 MB/10.0 MiB)
[   38.520795] sd 2:0:1:0: [sdb] Write Protect is off
[   38.520845] sd 2:0:1:0: [sdb] Incomplete mode parameter data
[   38.520845] sd 2:0:1:0: [sdb] Assuming drive cache: write through
[   38.521088] sd 2:0:1:0: Attached scsi generic sg1 type 0
[   38.521606] sd 2:0:1:0: [sdb] Attached SCSI disk
[   43.287217] random: systemd-udevd: uninitialized urandom read (16 bytes read)
[   43.491775] random: systemd-udevd: uninitialized urandom read (16 bytes read)
[   43.698861] random: systemd-udevd: uninitialized urandom read (16 bytes read)
Begin: Loading essential drivers[   45.246925] raid6: sse2x1   gen() 14487 MB/s
 ... [   45.588642] raid6: sse2x1   xor()  9806 MB/s
[   45.915544] raid6: sse2x2   gen() 17146 MB/s
[   46.226930] raid6: sse2x2   xor() 11584 MB/s
[   46.576921] raid6: sse2x4   gen() 20091 MB/s
[   46.920138] raid6: sse2x4   xor() 12192 MB/s
[   47.227132] raid6: using algorithm sse2x4 gen() 20091 MB/s
[   47.607170] raid6: .... xor() 12192 MB/s, rmw enabled
[   47.967102] raid6: using ssse3x2 recovery algorithm
[   48.332700] xor: automatically using best checksumming function   avx       
[   48.533106] async_tx: api initialized (async)
done.
Begin: Running /[   48.696600] Btrfs loaded, crc32c=crc32c-intel
scripts/init-premount ... done.[   49.121117] EXT4-fs (sda1): mounted filesystem with ordered data mode. Opts: (null)

Begin: Mounting root file system ... Begin: Running /scripts/local-top ... done.
Begin: Running /scripts/local-premount ... Scanning for Btrfs filesystems
done.
Warning: fsck not present, so skipping root file system
done.
Begin: Running /scripts/local-bottom ... done.
Begin: Running /scripts/init-bottom ... done.
[   49.678335] ip_tables: (C) 2000-2006 Netfilter Core Team
[   50.009942] systemd[1]: systemd 237 running in system mode. (+PAM +AUDIT +SELINUX +IMA +APPARMOR +SMACK +SYSVINIT +UTMP +LIBCRYPTSETUP +GCRYPT +GNUTLS +ACL +XZ +LZ4 +SECCOMP +BLKID +ELFUTILS +KMOD -IDN2 +IDN -PCRE2 default-hierarchy=hybrid)
[   51.695706] systemd[1]: Detected virtualization oracle.
[   52.057235] systemd[1]: Detected architecture x86-64.

Welcome to [1mUbuntu 18.04.2 LTS[0m!

[   52.448414] systemd[1]: Set hostname to <ubuntu>.
[   52.773299] systemd[1]: Initializing machine ID from random generator.
[   53.176572] systemd[1]: Installed transient /etc/machine-id file.
[   53.739219] systemd[1]: Reached target User and Group Name Lookups.
[[0;32m  OK  [0m] Reached target User and Group Name Lookups.
[   54.325329] systemd[1]: Created slice User and Session Slice.
[[0;32m  OK  [0m] Created slice User and Session Slice.
[   54.836142] systemd[1]: Reached target Swap.
[[0;32m  OK  [0m] Reached target Swap.
[   55.152124] systemd[1]: Reached target System Time Synchronized.
[[0;32m  OK  [0m] Reached target System Time Synchronized.
[   55.732417] systemd[1]: Created slice System Slice.
[[0;32m  OK  [0m] Created slice System Slice.
[   56.224221] systemd[1]: Listening on Syslog Socket.
[[0;32m  OK  [0m] Listening on Syslog Socket.
[   56.688223] systemd[1]: Listening on Journal Audit Socket.
[[0;32m  OK  [0m] Listening on Journal Audit Socket.
[   57.192217] systemd[1]: Listening on LVM2 metadata daemon socket.
[[0;32m  OK  [0m] Listening on LVM2 metadata daemon socket.
[   57.757323] systemd[1]: Created slice system-serial\x2dgetty.slice.
[[0;32m  OK  [0m] Created slice system-serial\x2dgetty.slice.
[   58.340215] systemd[1]: Listening on Network Service Netlink Socket.
[[0;32m  OK  [0m] Listening on Network Service Netlink Socket.
[   58.883779] systemd[1]: Listening on /dev/initctl Compatibility Named Pipe.
[[0;32m  OK  [0m] Listening on /dev/initctl Compatibility Named Pipe.
[   59.480235] systemd[1]: Listening on Journal Socket (/dev/log).
[[0;32m  OK  [0m] Listening on Journal Socket (/dev/log).
[   60.044479] systemd[1]: Set up automount Arbitrary Executable File Formats File System Automount Point.
[[0;32m  OK  [0m] Set up automount Arbitrary Executab…rmats File System Automount Point.
[   60.828181] systemd[1]: Listening on Device-mapper event daemon FIFOs.
[[0;32m  OK  [0m] Listening on Device-mapper event daemon FIFOs.
[   61.440207] systemd[1]: Started Forward Password Requests to Wall Directory Watch.
[[0;32m  OK  [0m] Started Forward Password Requests to Wall Directory Watch.
[   62.168243] systemd[1]: Listening on Journal Socket.
[[0;32m  OK  [0m] Listening on Journal Socket.
[   62.577236] systemd[1]: Starting Load Kernel Modules...
         [   62.987377] random: crng init done
Starting Load Ke[   63.097314] random: 6 urandom warning(s) missed due to ratelimiting
rnel Modules...[   63.313665] Loading iSCSI transport class v2.0-870.

[   63.673655] systemd[1]: Mounting Huge Pages File System...
         [   63.919593] iscsi: registered transport (tcp)
Mounting Huge Pa[   64.042512] iscsi: registered transport (iser)
ges File System...
[   64.212809] systemd[1]: Starting Create list of required static device nodes for the current kernel...
         Starting Create list of required st…ce nodes for the current kernel...
[   64.888909] systemd[1]: Mounting POSIX Message Queue File System...
         Mounting POSIX Message Queue File System...
[   65.484179] systemd[1]: Listening on udev Kernel Socket.
[[0;32m  OK  [0m] Listening on udev Kernel Socket.
[   65.976906] systemd[1]: Mounting Kernel Debug File System...
         Mounting Kernel Debug File System...
[   66.436651] systemd[1]: Listening on udev Control Socket.
[[0;32m  OK  [0m] Listening on udev Control Socket.
[   66.920930] systemd[1]: Starting udev Coldplug all Devices...
         Starting udev Coldplug all Devices...
[   67.477584] systemd[1]: Starting Journal Service...
         Starting Journal Service...
[   67.752140] systemd[1]: Reached target Slices.
[[0;32m  OK  [0m] Reached target Slices.
[   68.153048] systemd[1]: Starting Set the console keyboard layout...
         Starting Set the console keyboard layout...
[   68.692788] systemd[1]: Starting Remount Root and Kernel File Systems...
         [   69.249111] EXT4-fs (sda1): re-mounted. Opts: (null)
Starting Remount Root and Kernel File Systems...
[   69.441408] systemd[1]: Starting Uncomplicated firewall...
         Starting Uncomplicated firewall...
[   69.900923] systemd[1]: Starting Monitoring of LVM2 mirrors, snapshots etc. using dmeventd or progress polling...
         Starting Monitoring of LVM2 mirrors…ng dmeventd or progress polling...
[   70.828235] systemd[1]: Listening on LVM2 poll daemon socket.
[[0;32m  OK  [0m] Listening on LVM2 poll daemon socket.
[   71.360740] systemd[1]: Started Journal Service.
[[0;32m  OK  [0m] Started Journal Service.
[[0;32m  OK  [0m] Started Load Kernel Modules.
[[0;32m  OK  [0m] Mounted Huge Pages File System.
[[0;32m  OK  [0m] Started Create list of required sta…vice nodes for the current kernel.
[[0;32m  OK  [0m] Mounted POSIX Message Queue File System.
[[0;32m  OK  [0m] Mounted Kernel Debug File System.
[[0;32m  OK  [0m] Started Set the console keyboard layout.
[[0;32m  OK  [0m] Started Remount Root and Kernel File Systems.
[[0;32m  OK  [0m] Started Uncomplicated firewall.
[[0;32m  OK  [0m] Started udev Coldplug all Devices.
[[0;32m  OK  [0m] Started LVM2 metadata daemon.
         Starting Load/Save Random Seed...
         Starting Create Static Device Nodes in /dev...
         Mounting Kernel Configuration File System...
         Starting Apply Kernel Variables...
         Mounting FUSE Control File System...
         Starting Flush Journal to Persistent Storage...
[[0;32m  OK  [0m] Started Monitoring of LVM2 mirrors,…sing dmeventd or progress polling.
[[0;32m  OK  [0m] Started Load/Save Random Seed.
[[0;32m  OK  [0m] Started Create Static Device Nodes in /dev.
[[0;32m  OK  [0m] Mounted Kernel Configuration File System.
[[0;32m  OK  [0m] Started Apply Kernel Variables.
[[0;32m  OK  [0m] Mounted FUSE Control File System.
         Starting udev Kernel Device Manager...
[[0;32m  OK  [0m] Reached target Local File Systems (Pre).
[[0;32m  OK  [0m] Reached target Local File Systems.
         Starting Tell Plymouth To Write Out Runtime Data...
         Starting AppArmor initialization...
         Starting Set console font and keymap...
         Starting Commit a transient machine-id on disk...
         Starting ebtables ruleset management...
[[0;32m  OK  [0m] Started udev Kernel Device Manager.
[[0;32m  OK  [0m] Started Tell Plymouth To Write Out Runtime Data.
[[0;32m  OK  [0m] Started Set console font and keymap.
[[0;32m  OK  [0m] Started Commit a transient machine-id on disk.
[[0;32m  OK  [0m] Started Flush Journal to Persistent Storage.
[[0;32m  OK  [0m] Started ebtables ruleset management.
[[0;32m  OK  [0m] Found device /dev/ttyS0.
[[0;32m  OK  [0m] Listening on Load/Save RF Kill Switch Status /dev/rfkill Watch.
         Starting Create Volatile Files and Directories...
[[0;32m  OK  [0m] Started Dispatch Password Requests to Console Directory Watch.
[[0;32m  OK  [0m] Reached target Local Encrypted Volumes.
[[0;32m  OK  [0m] Started AppArmor initialization.
[[0;32m  OK  [0m] Started Create Volatile Files and Directories.
         Starting Update UTMP about System Boot/Shutdown...
         Starting Initial cloud-init job (pre-networking)...
[[0;32m  OK  [0m] Started Update UTMP about System Boot/Shutdown.
[   75.548613] cloud-init[675]: Cloud-init v. 19.1-1-gbaa47854-0ubuntu1~18.04.1 running 'init-local' at Wed, 05 Jun 2019 19:49:22 +0000. Up 75.32 seconds.
[[0;32m  OK  [0m] Started Initial cloud-init job (pre-networking).
[[0;32m  OK  [0m] Reached target Network (Pre).
         Starting Network Service...
[[0;32m  OK  [0m] Started Network Service.
         Starting Wait for Network to be Configured...
         Starting Network Name Resolution...
[[0;32m  OK  [0m] Started Network Name Resolution.
[[0;32m  OK  [0m] Reached target Network.
[[0;32m  OK  [0m] Reached target Host and Network Name Lookups.
[[0;32m  OK  [0m] Started Wait for Network to be Configured.
         Starting Initial cloud-init job (metadata service crawler)...
[   78.216202] cloud-init[809]: Cloud-init v. 19.1-1-gbaa47854-0ubuntu1~18.04.1 running 'init' at Wed, 05 Jun 2019 19:49:25 +0000. Up 78.11 seconds.
[   78.380287] cloud-init[809]: ci-info: +++++++++++++++++++++++++++++++++++++Net device info++++++++++++++++++++++++++++++++++++++
[   78.512249] cloud-init[809]: ci-info: +--------+------+---------------------------+---------------+--------+-------------------+
[   78.636773] cloud-init[809]: ci-info: | Device |  Up  |          Address          |      Mask     | Scope  |     Hw-Address    |
[   78.764134] cloud-init[809]: ci-info: +--------+------+---------------------------+---------------+--------+-------------------+
[[   78.904231] cloud-init[809]: ci-info: | enp0s3 | True |         10.0.2.15         | 255.255.255.0 | global | 02:06:b1:f3:7b:7f |
[   78.904311] cloud-init[809]: ci-info: | enp0s3 | True | fe80::6:b1ff:fef3:7b7f/64 |       .       |  link  | 02:06:b1:f3:7b:7f |
[0;32m  OK  [0m] Started Initial cloud-init job (metadata service crawler).
[   78.904363] cloud-init[809]: ci-info: |   lo   | True |         127.0.0.1         |   255.0.0.0   |  host  |         .         |
[[0;32m  OK  [0m[   79.388344] ] cloud-initReached target Network is Online.[809]: 
ci-info: |   lo   | True |          ::1/128          |       .       |  host  |         .         |
         [   79.592231] Starting Availability of block devices...cloud-init
[809]: ci-info: +--------+------+---------------------------+---------------+--------+-------------------+
[[   79.780232] cloud-init[809]: ci-info: ++++++++++++++++++++++++++++Route IPv4 info+++++++++++++++++++++++++++++
[   79.780352] [0;32m  OK  [0mcloud-init] [809]: Reached target Remote File Systems (Pre).ci-info: +-------+-------------+----------+-----------------+-----------+-------+

[[   79.780398] cloud-init[809]: ci-info: | Route | Destination | Gateway  |     Genmask     | Interface | Flags |
[0;32m  OK  [0m] Reached target Remote File Systems.
[   80.076469] cloud-init[809]: ci-info: +-------+-------------+----------+-----------------+-----------+-------+
[[0;32m  OK  [0m] Reached target Cloud-config availability.
[   80.236321] cloud-init[809]: ci-info: |   0   |   0.0.0.0   | 10.0.2.2 |     0.0.0.0     |   enp0s3  |   UG  |
[[0;32m  OK  [0m] Reached target System Initialization.
[   80.425477] cloud-init[809]: ci-info: |   1   |   10.0.2.0  | 0.0.0.0  |  255.255.255.0  |   enp0s3  |   U   |
[[0;32m  OK  [0m[   80.728242] ] cloud-initStarted ACPI Events Check.[809]: 
ci-info: |   2   |   10.0.2.2  | 0.0.0.0  | 255.255.255.255 |   enp0s3  |   UH  |
         Starting LXD - unix socket.
[[0;32m  OK  [0m] Reached target Paths.
[   80.898361] cloud-init[809]: ci-info: +-------+-------------+----------+-----------------+-----------+-------+
         [   81.124196] Starting Socket activation for snappy daemon.cloud-init
[809]: ci-info: +++++++++++++++++++Route IPv6 info+++++++++++++++++++
[[0;32m  OK  [0m[   81.280202] ] cloud-initListening on D-Bus System Message Bus Socket.[809]: 
ci-info: +-------+-------------+---------+-----------+-------+
[[0;32m  OK  [0m[   81.440282] ] cloud-initListening on Open-iSCSI iscsid Socket.[809]: 
ci-info: | Route | Destination | Gateway | Interface | Flags |
[[0;32m  OK  [0m[   81.592235] ] cloud-initStarted Discard unused blocks once a week.[809]: 
ci-info: +-------+-------------+---------+-----------+-------+
[[   81.748163] cloud-init[809]: ci-info: |   1   |  fe80::/64  |    ::   |   enp0s3  |   U   |
[0;32m  OK  [0m] Listening on UUID daemon activation socket.
[   81.748551] cloud-init[809]: ci-info: |   3   |    local    |    ::   |   enp0s3  |   U   |
[   81.996224] cloud-init[809]: ci-info: |   4   |   ff00::/8  |    ::   |   enp0s3  |   U   |
[   82.088397] cloud-init[809]: ci-info: +-------+-------------+---------+-----------+-------+
[   82.194516] cloud-init[809]: Generating public/private rsa key pair.
[   82.280176] cloud-init[809]: Your identification has been saved in /etc/ssh/ssh_host_rsa_key.
[   82.392209] cloud-init[809]: Your public key has been saved in /etc/ssh/ssh_host_rsa_key.pub.
[   82.500216] cloud-init[809]: The key fingerprint is:
[   82.564210] cloud-init[809]: SHA256:cAy10ioJTyXFtNaByEKaYiHblQSkkhAguQKfhhvAecY root@ubuntu-bionic
[[0;32m  OK  [0m] Listening on ACPID Listen Socket.
[[0;32m  OK  [0m] Started Daily apt download activities.
[[0;32m  OK  [0m] Started Daily apt upgrade and clean activities.
[[0;32m  OK  [0m] Started Daily Cleanup of Temporary Directories.
[[0;32m  OK  [0m] Started Message of the Day.
[[0;32m  OK  [0m] Reached target Timers.
[   82.666715] cloud-init[809]: The key's randomart image is:
[[0;32m  OK  [0m] Started Availability of block devices.
[[0;32m  OK  [0m] Listening on LXD - unix socket.
[[0;32m  OK  [0m] Listening on Socket activation for snappy daemon.
[[0;32m  OK  [0m] Reached target Sockets.
[[0;32m  OK  [0m] Reached target Basic System.
[   83.101240] cloud-init[809]: +---[RSA 2048]----+
         Starting Pollinate to seed the pseudo random number generator...
[   83.478330] cloud-init[809]: |O**++*=oo        |
[[0;32m  OK  [0m] Started Regular background program processing daemon.
[   83.638420] cloud-init[809]: |BXoE+oo* o       |
         [   83.786424] cloud-init[809]: |@==o. = *        |
[   83.786466] cloud-init[809]: |O ++ o =         |
[   83.786500] cloud-init[809]: |.+  + . S        |
[   83.786527] cloud-init[809]: |.    .           |
[   83.786555] cloud-init[809]: |                 |
[   83.786587] cloud-init[809]: |                 |
[   83.786616] cloud-init[809]: |                 |
[   83.786642] cloud-init[809]: +----[SHA256]-----+
[   83.786672] cloud-init[809]: Generating public/private dsa key pair.
[   83.786710] cloud-init[809]: Your identification has been saved in /etc/ssh/ssh_host_dsa_key.
[   83.786739] cloud-init[809]: Your public key has been saved in /etc/ssh/ssh_host_dsa_key.pub.
[   83.786768] cloud-init[809]: The key fingerprint is:
[   83.786793] cloud-init[809]: SHA256:DHK6KE0dQ+dGrapUrulQqAmg/YWFQ7X8KLfTmSlU6qQ root@ubuntu-bionic
[   83.786820] cloud-init[809]: The key's randomart image is:
[   83.786852] cloud-init[809]: +---[DSA 1024]----+
[   83.786882] cloud-init[809]: |    o.+.         |
[   83.786910] cloud-init[809]: |   o * ..        |
[   83.786937] cloud-init[809]: |.   * O..        |
[   83.786964] cloud-init[809]: |oo ..@.B         |
[   83.786992] cloud-init[809]: |+ +o=.B S        |
[   83.787029] cloud-init[809]: |o=.ooX o +       |
[   83.787067] cloud-init[809]: |=.o+E = =        |
[   83.787092] cloud-init[809]: | o+    o         |
[   83.787118] cloud-init[809]: | ..              |
[   83.787142] cloud-init[809]: +----[SHA256]-----+
[   83.787166] cloud-init[809]: Generating public/private ecdsa key pair.
[   83.787193] cloud-init[809]: Your identification has been saved in /etc/ssh/ssh_host_ecdsa_key.
[   83.787222] cloud-init[809]: Your public key has been saved in /etc/ssh/ssh_host_ecdsa_key.pub.
[   83.787250] cloud-init[809]: The key fingerprint is:
[   83.787275] cloud-init[809]: SHA256:f5L22QMAna3CZDR+C0wMMC+f9WzH96Kq5OqzM43YY2k root@ubuntu-bionic
[   83.787302] cloud-init[809]: The key's randomart image is:
[   83.787328] cloud-init[809]: +---[ECDSA 256]---+
[   83.787355] cloud-init[809]: |    o..++. o     |
[   83.787382] cloud-init[809]: |     o +=.o .    |
[   83.787407] cloud-init[809]: |    . .+=...     |
[   83.787433] cloud-init[809]: |     o oo=oo     |
[   83.787462] cloud-init[809]: |      o S.=.o .  |
[   83.787489] cloud-init[809]: |         o o.. . |
[   83.787514] cloud-init[809]: |     o +. = ... .|
[   83.787540] cloud-init[809]: |    . Eo.. + +.. |
[   83.787567] cloud-init[809]: |     ++Bo...+ .. |
[   83.787591] cloud-init[809]: +----[SHA256]-----+
[   83.787615] cloud-init[809]: Generating public/private ed25519 key pair.
[   83.787639] cloud-init[809]: Your identification has been saved in /etc/ssh/ssh_host_ed25519_key.
[   83.787668] cloud-init[809]: Your public key has been saved in /etc/ssh/ssh_host_ed25519_key.pub.
[   83.787695] cloud-init[809]: The key fingerprint is:
[   83.787720] cloud-init[809]: SHA256:TD9BaV3YbFaD6xdNpTwXloGbeqNTPxC9ed+Y8cZ0wz8 root@ubuntu-bionic
[   83.787746] cloud-init[809]: The key's randomart image is:
[   83.788125] cloud-init[809]: +--[ED25519 256]--+
[   83.788160] cloud-init[809]: |          .o =+**|
[   83.788189] cloud-init[809]: |         .o o+*o+|
[   83.788217] cloud-init[809]: |        ...  oO.o|
[   83.788244] cloud-init[809]: |       o . . = =.|
[   83.788269] cloud-init[809]: |        S o o o +|
[   83.788298] cloud-init[809]: |           o *.*+|
[   83.788326] cloud-init[809]: |            + =BB|
[   83.788353] cloud-init[809]: |           o  oEB|
[   83.788379] cloud-init[809]: |            .  .o|
[   83.788407] cloud-init[809]: +----[SHA256]-----+
Starting Permit User Sessions...
[[0;32m  OK  [0m] Started FUSE filesystem for LXC.
         Starting LSB: Record successful boot for GRUB...
         Starting LSB: automatic crash report generation...
         Starting System Logging Service...
         Starting Dispatcher daemon for systemd-networkd...
         Starting Accounts Service...
[[0;32m  OK  [0m] Started Deferred execution scheduler.
[[0;32m  OK  [0m] Started irqbalance daemon.
         Starting LXD - container startup/shutdown...
         Starting Login Service...
         Starting Snappy daemon...
[[0;32m  OK  [0m] Started D-Bus System Message Bus.
[[0;32m  OK  [0m] Started Login Service.
         Starting Virtualbox guest utils...
[[0;32m  OK  [0m] Started Unattended Upgrades Shutdown.
[[0;32m  OK  [0m] Started System Logging Service.
[[0;32m  OK  [0m] Started Dispatcher daemon for systemd-networkd.
[[0;32m  OK  [0m] Started Snappy daemon.
[[0;32m  OK  [0m] Started Pollinate to seed the pseudo random number generator.
[[0;32m  OK  [0m] Started Permit User Sessions.
[[0;32m  OK  [0m] Started LXD - container startup/shutdown.
         Starting Authorization Manager...
         Starting Terminate Plymouth Boot Screen...
         Starting Hold until boot process finishes up...
         Starting OpenBSD Secure Shell server...
         Starting Wait until snapd is fully seeded...
[[0;32m  OK  [0m] Started LSB: Record successful boot for GRUB.
[[0;32m  OK  [0m] Started LSB: automatic crash report generation.
[[0;32m  OK  [0m] Started Virtualbox guest utils.
[[0;32m  OK  [0m] Started Terminate Plymouth Boot Screen.
[[0;32m  OK  [0m] Started Hold until boot process finishes up.
[[0;32m  OK  [0m] Started Authorization Manager.
[[0;32m  OK  [0m] Started OpenBSD Secure Shell server.
[[0;32m  OK  [0m] Started Accounts Service.
[[0;32m  OK  [0m] Created slice User Slice of vagrant.
[[0;32m  OK  [0m] Started Serial Getty on ttyS0.
         Starting Set console scheme...
[[0;32m  OK  [0m] Started Set console scheme.
         Starting User Manager for UID 1000...
[[0;32m  OK  [0m] Created slice system-getty.slice.
[[0;32m  OK  [0m] Started Getty on tty1.
[[0;32m  OK  [0m] Reached target Login Prompts.
[[0;32m  OK  [0m] Started User Manager for UID 1000.
[[0;32m  OK  [0m] Started Session 1 of user vagrant.
[[0;32m  OK  [0m] Started Wait until snapd is fully seeded.
         Starting Apply the settings specified in cloud-config...
[[0;32m  OK  [0m] Reached target Multi-User System.
[[0;32m  OK  [0m] Reached target Graphical Interface.
         Starting Update UTMP about System Runlevel Changes...
[[0;32m  OK  [0m] Started Update UTMP about System Runlevel Changes.
[   91.452992] cloud-init[1593]: Cloud-init v. 19.1-1-gbaa47854-0ubuntu1~18.04.1 running 'modules:config' at Wed, 05 Jun 2019 19:49:38 +0000. Up 91.19 seconds.
[[0;32m  OK  [0m] Started Apply the settings specified in cloud-config.
         Starting Execute cloud user/final scripts...
ci-info: no authorized ssh keys fingerprints found for user ubuntu.
<14>Jun  5 19:49:39 ec2: 
<14>Jun  5 19:49:39 ec2: #############################################################
<14>Jun  5 19:49:39 ec2: -----BEGIN SSH HOST KEY FINGERPRINTS-----
<14>Jun  5 19:49:39 ec2: 1024 SHA256:DHK6KE0dQ+dGrapUrulQqAmg/YWFQ7X8KLfTmSlU6qQ root@ubuntu-bionic (DSA)
<14>Jun  5 19:49:39 ec2: 256 SHA256:f5L22QMAna3CZDR+C0wMMC+f9WzH96Kq5OqzM43YY2k root@ubuntu-bionic (ECDSA)
<14>Jun  5 19:49:39 ec2: 256 SHA256:TD9BaV3YbFaD6xdNpTwXloGbeqNTPxC9ed+Y8cZ0wz8 root@ubuntu-bionic (ED25519)
<14>Jun  5 19:49:39 ec2: 2048 SHA256:cAy10ioJTyXFtNaByEKaYiHblQSkkhAguQKfhhvAecY root@ubuntu-bionic (RSA)
<14>Jun  5 19:49:39 ec2: -----END SSH HOST KEY FINGERPRINTS-----
<14>Jun  5 19:49:39 ec2: #############################################################
-----BEGIN SSH HOST KEY KEYS-----
ecdsa-sha2-nistp256 AAAAE2VjZHNhLXNoYTItbmlzdHAyNTYAAAAIbmlzdHAyNTYAAABBBPz0cRhLPgwTNM/VzW2q5iBhqzXQ5qexoLqTnPX5eNFBuZWnvC3QQZoTGFZf0h+6wKgqj8d2zRIUh5mE0EYbg84= root@ubuntu-bionic
ssh-ed25519 AAAAC3NzaC1lZDI1NTE5AAAAIEBN1b2XsTg4Bb8I7Fezav5NfsiUo/3LLSTn0H7oYdiq root@ubuntu-bionic
ssh-rsa AAAAB3NzaC1yc2EAAAADAQABAAABAQDtQ3uD3ZNlSXmqy1+GRoJar+wo/U1dD/2fiJg+dyosK46PGCy3jwUNOkr3V78xyO+CrjFoJyC1yhQuerZXImEzhpMHEdnFIBq8RYweWMNQlMusERMlBkJlPH/bnVUPubqFJCGbaF/G6OgbYVxfkVtKp7Hf1sh5tuBrwgSvEfJFdTqGy/t0gjuSFpJ9wwk80LIX5RyGz1ZPNwNtA8BMEsIFeuW/AbX5CGv0iMBhti/fD930ci/vyXrO39MbOvEb/yqryKIGyhQmhhNa5NTCL4I7OeVP/uLSD4sVsEZDoD+5ymSuMo8VLOl8JmecqCl52zlsCIJuEV1am7ckFPOuN5b5 root@ubuntu-bionic
-----END SSH HOST KEY KEYS-----
[   93.760767] cloud-init[1693]: Cloud-init v. 19.1-1-gbaa47854-0ubuntu1~18.04.1 running 'modules:final' at Wed, 05 Jun 2019 19:49:39 +0000. Up 92.03 seconds.
         [   93.944204] Stopping User Manager for UID 1000...cloud-init
[1693]: ci-info: no authorized ssh keys fingerprints found for user ubuntu.
[[0;32m  OK  [0m[   94.099132] ] cloud-initStopped User Manager for UID 1000.[1693]: 
Cloud-init v. 19.1-1-gbaa47854-0ubuntu1~18.04.1 finished at Wed, 05 Jun 2019 19:49:40 +0000. Datasource DataSourceNoCloud [seed=/dev/sdb][dsmode=net].  Up 93.75 seconds
[[0;32m  OK  [0m] Started Execute cloud user/final scripts.
[[0;32m  OK  [0m] Removed slice User Slice of vagrant.
[[0;32m  OK  [0m] Reached target Cloud-init target.

Ubuntu 18.04.2 LTS ubuntu-bionic ttyS0

ubuntu-bionic login: 